# JRE version: OpenJDK Runtime Environment Temurin-17.0.17+10 (17.0.17+10) (build 17.0.17+10)
# Java VM: OpenJDK 64-Bit Server VM Temurin-17.0.17+10 (17.0.17+10, mixed mode, sharing, tiered, compressed oops, compressed class ptrs, g1 gc, windows-amd64)
GC Precious Log:
 CPUs: 4 total, 4 available
 Memory: 4001M
 Large Page Support: Disabled
 NUMA Support: Disabled
 Compressed Oops: Enabled (32-bit)
 Heap Region Size: 1M
 Heap Min Capacity: 8M
 Heap Initial Capacity: 64M
 Heap Max Capacity: 1G
 Pre-touch: Disabled
 Parallel Workers: 4
 Concurrent Workers: 1
 Concurrent Refinement Workers: 4
 Periodic GC: Disabled
Heap:
 garbage-first heap   total 65536K, used 50250K [0x00000000c0000000, 0x0000000100000000)
  region size 1024K, 28 young (28672K), 3 survivors (3072K)
 Metaspace       used 24099K, committed 24448K, reserved 278528K
  class space    used 3547K, committed 3712K, reserved 212992K
GC Heap History (17 events):
Event: 11.619 GC heap before
{Heap before GC invocations=0 (full 0):
 garbage-first heap   total 65536K, used 13312K [0x00000000c0000000, 0x0000000100000000)
  region size 1024K, 13 young (13312K), 0 survivors (0K)
 Metaspace       used 768K, committed 896K, reserved 278528K
  class space    used 61K, committed 128K, reserved 212992K
}
Event: 11.626 GC heap after
{Heap after GC invocations=1 (full 0):
 garbage-first heap   total 65536K, used 1216K [0x00000000c0000000, 0x0000000100000000)
  region size 1024K, 2 young (2048K), 2 survivors (2048K)
 Metaspace       used 768K, committed 896K, reserved 278528K
  class space    used 61K, committed 128K, reserved 212992K
}
Event: 13.844 GC heap before
{Heap before GC invocations=1 (full 0):
 garbage-first heap   total 65536K, used 22720K [0x00000000c0000000, 0x0000000100000000)
  region size 1024K, 20 young (20480K), 2 survivors (2048K)
 Metaspace       used 2957K, committed 3072K, reserved 278528K
  class space    used 348K, committed 384K, reserved 212992K
}
Event: 13.853 GC heap after
{Heap after GC invocations=2 (full 0):
 garbage-first heap   total 65536K, used 10512K [0x00000000c0000000, 0x0000000100000000)
  region size 1024K, 3 young (3072K), 3 survivors (3072K)
 Metaspace       used 2957K, committed 3072K, reserved 278528K
  class space    used 348K, committed 384K, reserved 212992K
}
Event: 16.239 GC heap before
{Heap before GC invocations=2 (full 0):
 garbage-first heap   total 65536K, used 46352K [0x00000000c0000000, 0x0000000100000000)
  region size 1024K, 38 young (38912K), 3 survivors (3072K)
 Metaspace       used 4404K, committed 4608K, reserved 278528K
  class space    used 541K, committed 640K, reserved 212992K
}
Event: 16.251 GC heap after
{Heap after GC invocations=3 (full 0):
 garbage-first heap   total 65536K, used 11934K [0x00000000c0000000, 0x0000000100000000)
  region size 1024K, 4 young (4096K), 4 survivors (4096K)
 Metaspace       used 4404K, committed 4608K, reserved 278528K
  class space    used 541K, committed 640K, reserved 212992K
}
Event: 29.147 GC heap before
{Heap before GC invocations=3 (full 0):
 garbage-first heap   total 65536K, used 48798K [0x00000000c0000000, 0x0000000100000000)
  region size 1024K, 38 young (38912K), 4 survivors (4096K)
 Metaspace       used 5302K, committed 5440K, reserved 278528K
  class space    used 697K, committed 768K, reserved 212992K
}
Event: 29.166 GC heap after
{Heap after GC invocations=4 (full 0):
 garbage-first heap   total 65536K, used 17093K [0x00000000c0000000, 0x0000000100000000)
  region size 1024K, 5 young (5120K), 5 survivors (5120K)
 Metaspace       used 5302K, committed 5440K, reserved 278528K
  class space    used 697K, committed 768K, reserved 212992K
}
Event: 36.404 GC heap before
{Heap before GC invocations=4 (full 0):
 garbage-first heap   total 65536K, used 46789K [0x00000000c0000000, 0x0000000100000000)
  region size 1024K, 34 young (34816K), 5 survivors (5120K)
 Metaspace       used 12031K, committed 12352K, reserved 278528K
  class space    used 1612K, committed 1792K, reserved 212992K
}
Event: 36.415 GC heap after
{Heap after GC invocations=5 (full 0):
 garbage-first heap   total 65536K, used 20919K [0x00000000c0000000, 0x0000000100000000)
  region size 1024K, 4 young (4096K), 4 survivors (4096K)
 Metaspace       used 12031K, committed 12352K, reserved 278528K
  class space    used 1612K, committed 1792K, reserved 212992K
}
Event: 39.451 GC heap before
{Heap before GC invocations=5 (full 0):
 garbage-first heap   total 65536K, used 47543K [0x00000000c0000000, 0x0000000100000000)
  region size 1024K, 30 young (30720K), 4 survivors (4096K)
 Metaspace       used 16193K, committed 16448K, reserved 278528K
  class space    used 2254K, committed 2368K, reserved 212992K
}
Event: 39.460 GC heap after
{Heap after GC invocations=6 (full 0):
 garbage-first heap   total 65536K, used 22131K [0x00000000c0000000, 0x0000000100000000)
  region size 1024K, 2 young (2048K), 2 survivors (2048K)
 Metaspace       used 16193K, committed 16448K, reserved 278528K
  class space    used 2254K, committed 2368K, reserved 212992K
}
Event: 42.962 GC heap before
{Heap before GC invocations=6 (full 0):
 garbage-first heap   total 65536K, used 47731K [0x00000000c0000000, 0x0000000100000000)
  region size 1024K, 27 young (27648K), 2 survivors (2048K)
 Metaspace       used 19096K, committed 19392K, reserved 278528K
  class space    used 2740K, committed 2880K, reserved 212992K
}
Event: 42.971 GC heap after
{Heap after GC invocations=7 (full 0):
 garbage-first heap   total 65536K, used 23513K [0x00000000c0000000, 0x0000000100000000)
  region size 1024K, 3 young (3072K), 3 survivors (3072K)
 Metaspace       used 19096K, committed 19392K, reserved 278528K
  class space    used 2740K, committed 2880K, reserved 212992K
}
Event: 48.283 GC heap before
{Heap before GC invocations=7 (full 0):
 garbage-first heap   total 65536K, used 39897K [0x00000000c0000000, 0x0000000100000000)
  region size 1024K, 20 young (20480K), 3 survivors (3072K)
 Metaspace       used 21219K, committed 21504K, reserved 278528K
  class space    used 3065K, committed 3200K, reserved 212992K
}
Event: 48.290 GC heap after
{Heap after GC invocations=8 (full 0):
 garbage-first heap   total 65536K, used 24650K [0x00000000c0000000, 0x0000000100000000)
  region size 1024K, 3 young (3072K), 3 survivors (3072K)
 Metaspace       used 21219K, committed 21504K, reserved 278528K
  class space    used 3065K, committed 3200K, reserved 212992K
}
Event: 54.400 GC heap before
{Heap before GC invocations=9 (full 0):
 garbage-first heap   total 65536K, used 50250K [0x00000000c0000000, 0x0000000100000000)
  region size 1024K, 28 young (28672K), 3 survivors (3072K)
 Metaspace       used 24099K, committed 24448K, reserved 278528K
  class space    used 3547K, committed 3712K, reserved 212992K
}

