# JRE version: OpenJDK Runtime Environment Temurin-17.0.17+10 (17.0.17+10) (build 17.0.17+10)
# Java VM: OpenJDK 64-Bit Server VM Temurin-17.0.17+10 (17.0.17+10, mixed mode, sharing, tiered, compressed oops, compressed class ptrs, g1 gc, windows-amd64)
GC Precious Log:
 CPUs: 4 total, 4 available
 Memory: 4001M
 Large Page Support: Disabled
 NUMA Support: Disabled
 Compressed Oops: Enabled (32-bit)
 Heap Region Size: 1M
 Heap Min Capacity: 8M
 Heap Initial Capacity: 64M
 Heap Max Capacity: 2G
 Pre-touch: Disabled
 Parallel Workers: 4
 Concurrent Workers: 1
 Concurrent Refinement Workers: 4
 Periodic GC: Disabled
Heap:
 garbage-first heap   total 482304K, used 166833K [0x0000000080000000, 0x0000000100000000)
  region size 1024K, 10 young (10240K), 10 survivors (10240K)
 Metaspace       used 96511K, committed 97536K, reserved 557056K
  class space    used 13002K, committed 13504K, reserved 425984K
GC Heap History (20 events):
Event: 356.522 GC heap after
{Heap after GC invocations=68 (full 0):
 garbage-first heap   total 160768K, used 96219K [0x0000000080000000, 0x0000000100000000)
  region size 1024K, 1 young (1024K), 1 survivors (1024K)
 Metaspace       used 87266K, committed 88256K, reserved 557056K
  class space    used 12018K, committed 12480K, reserved 425984K
}
Event: 357.600 GC heap before
{Heap before GC invocations=68 (full 0):
 garbage-first heap   total 160768K, used 119771K [0x0000000080000000, 0x0000000100000000)
  region size 1024K, 25 young (25600K), 1 survivors (1024K)
 Metaspace       used 87266K, committed 88256K, reserved 557056K
  class space    used 12018K, committed 12480K, reserved 425984K
}
Event: 357.810 GC heap after
{Heap after GC invocations=69 (full 0):
 garbage-first heap   total 482304K, used 106495K [0x0000000080000000, 0x0000000100000000)
  region size 1024K, 4 young (4096K), 4 survivors (4096K)
 Metaspace       used 87266K, committed 88256K, reserved 557056K
  class space    used 12018K, committed 12480K, reserved 425984K
}
Event: 358.467 GC heap before
{Heap before GC invocations=69 (full 0):
 garbage-first heap   total 482304K, used 141311K [0x0000000080000000, 0x0000000100000000)
  region size 1024K, 37 young (37888K), 4 survivors (4096K)
 Metaspace       used 87331K, committed 88320K, reserved 557056K
  class space    used 12025K, committed 12480K, reserved 425984K
}
Event: 358.510 GC heap after
{Heap after GC invocations=70 (full 0):
 garbage-first heap   total 482304K, used 116010K [0x0000000080000000, 0x0000000100000000)
  region size 1024K, 5 young (5120K), 5 survivors (5120K)
 Metaspace       used 87331K, committed 88320K, reserved 557056K
  class space    used 12025K, committed 12480K, reserved 425984K
}
Event: 364.405 GC heap before
{Heap before GC invocations=70 (full 0):
 garbage-first heap   total 482304K, used 142634K [0x0000000080000000, 0x0000000100000000)
  region size 1024K, 32 young (32768K), 5 survivors (5120K)
 Metaspace       used 87510K, committed 88512K, reserved 557056K
  class space    used 12038K, committed 12544K, reserved 425984K
}
Event: 364.518 GC heap after
{Heap after GC invocations=71 (full 0):
 garbage-first heap   total 482304K, used 120686K [0x0000000080000000, 0x0000000100000000)
  region size 1024K, 4 young (4096K), 4 survivors (4096K)
 Metaspace       used 87510K, committed 88512K, reserved 557056K
  class space    used 12038K, committed 12544K, reserved 425984K
}
Event: 375.470 GC heap before
{Heap before GC invocations=71 (full 0):
 garbage-first heap   total 482304K, used 162670K [0x0000000080000000, 0x0000000100000000)
  region size 1024K, 46 young (47104K), 4 survivors (4096K)
 Metaspace       used 87568K, committed 88576K, reserved 557056K
  class space    used 12038K, committed 12544K, reserved 425984K
}
Event: 375.492 GC heap after
{Heap after GC invocations=72 (full 0):
 garbage-first heap   total 482304K, used 123226K [0x0000000080000000, 0x0000000100000000)
  region size 1024K, 4 young (4096K), 4 survivors (4096K)
 Metaspace       used 87568K, committed 88576K, reserved 557056K
  class space    used 12038K, committed 12544K, reserved 425984K
}
Event: 382.535 GC heap before
{Heap before GC invocations=73 (full 0):
 garbage-first heap   total 416768K, used 201050K [0x0000000080000000, 0x0000000100000000)
  region size 1024K, 79 young (80896K), 4 survivors (4096K)
 Metaspace       used 87645K, committed 88640K, reserved 557056K
  class space    used 12038K, committed 12544K, reserved 425984K
}
Event: 382.598 GC heap after
{Heap after GC invocations=74 (full 0):
 garbage-first heap   total 416768K, used 143231K [0x0000000080000000, 0x0000000100000000)
  region size 1024K, 10 young (10240K), 10 survivors (10240K)
 Metaspace       used 87645K, committed 88640K, reserved 557056K
  class space    used 12038K, committed 12544K, reserved 425984K
}
Event: 382.913 GC heap before
{Heap before GC invocations=74 (full 0):
 garbage-first heap   total 416768K, used 153471K [0x0000000080000000, 0x0000000100000000)
  region size 1024K, 20 young (20480K), 10 survivors (10240K)
 Metaspace       used 87657K, committed 88640K, reserved 557056K
  class space    used 12038K, committed 12544K, reserved 425984K
}
Event: 382.959 GC heap after
{Heap after GC invocations=75 (full 0):
 garbage-first heap   total 416768K, used 144383K [0x0000000080000000, 0x0000000100000000)
  region size 1024K, 2 young (2048K), 2 survivors (2048K)
 Metaspace       used 87657K, committed 88640K, reserved 557056K
  class space    used 12038K, committed 12544K, reserved 425984K
}
Event: 391.103 GC heap before
{Heap before GC invocations=75 (full 0):
 garbage-first heap   total 416768K, used 191487K [0x0000000080000000, 0x0000000100000000)
  region size 1024K, 49 young (50176K), 2 survivors (2048K)
 Metaspace       used 87770K, committed 88704K, reserved 557056K
  class space    used 12038K, committed 12544K, reserved 425984K
}
Event: 391.121 GC heap after
{Heap after GC invocations=76 (full 0):
 garbage-first heap   total 416768K, used 147023K [0x0000000080000000, 0x0000000100000000)
  region size 1024K, 5 young (5120K), 5 survivors (5120K)
 Metaspace       used 87770K, committed 88704K, reserved 557056K
  class space    used 12038K, committed 12544K, reserved 425984K
}
Event: 407.515 GC heap before
{Heap before GC invocations=77 (full 0):
 garbage-first heap   total 416768K, used 240207K [0x0000000080000000, 0x0000000100000000)
  region size 1024K, 94 young (96256K), 5 survivors (5120K)
 Metaspace       used 87866K, committed 88832K, reserved 557056K
  class space    used 12039K, committed 12544K, reserved 425984K
}
Event: 407.664 GC heap after
{Heap after GC invocations=78 (full 0):
 garbage-first heap   total 416768K, used 158454K [0x0000000080000000, 0x0000000100000000)
  region size 1024K, 12 young (12288K), 12 survivors (12288K)
 Metaspace       used 87866K, committed 88832K, reserved 557056K
  class space    used 12039K, committed 12544K, reserved 425984K
}
Event: 408.257 GC heap before
{Heap before GC invocations=78 (full 0):
 garbage-first heap   total 416768K, used 165622K [0x0000000080000000, 0x0000000100000000)
  region size 1024K, 20 young (20480K), 12 survivors (12288K)
 Metaspace       used 87889K, committed 88896K, reserved 557056K
  class space    used 12042K, committed 12544K, reserved 425984K
}
Event: 408.306 GC heap after
{Heap after GC invocations=79 (full 0):
 garbage-first heap   total 416768K, used 156200K [0x0000000080000000, 0x0000000100000000)
  region size 1024K, 2 young (2048K), 2 survivors (2048K)
 Metaspace       used 87889K, committed 88896K, reserved 557056K
  class space    used 12042K, committed 12544K, reserved 425984K
}
Event: 442.862 GC heap before
{Heap before GC invocations=79 (full 0):
 garbage-first heap   total 416768K, used 339496K [0x0000000080000000, 0x0000000100000000)
  region size 1024K, 174 young (178176K), 2 survivors (2048K)
 Metaspace       used 96511K, committed 97536K, reserved 557056K
  class space    used 13002K, committed 13504K, reserved 425984K
}

